{"/home/saket10/Documents/mountblue/Project_IPL/src/server/1-matches-per-year.js": {"path":"/home/saket10/Documents/mountblue/Project_IPL/src/server/1-matches-per-year.js","statementMap":{"0":{"start":{"line":2,"column":25},"end":{"line":2,"column":27}},"1":{"start":{"line":3,"column":2},"end":{"line":10,"column":5}},"2":{"start":{"line":4,"column":17},"end":{"line":4,"column":27}},"3":{"start":{"line":5,"column":4},"end":{"line":9,"column":5}},"4":{"start":{"line":6,"column":6},"end":{"line":6,"column":29}},"5":{"start":{"line":8,"column":6},"end":{"line":8,"column":31}},"6":{"start":{"line":11,"column":2},"end":{"line":11,"column":24}},"7":{"start":{"line":14,"column":0},"end":{"line":14,"column":41}}},"fnMap":{"0":{"name":"calculateMatchesPerYear","decl":{"start":{"line":1,"column":9},"end":{"line":1,"column":32}},"loc":{"start":{"line":1,"column":39},"end":{"line":12,"column":1}},"line":1},"1":{"name":"(anonymous_1)","decl":{"start":{"line":3,"column":15},"end":{"line":3,"column":16}},"loc":{"start":{"line":3,"column":24},"end":{"line":10,"column":3}},"line":3}},"branchMap":{"0":{"loc":{"start":{"line":5,"column":4},"end":{"line":9,"column":5}},"type":"if","locations":[{"start":{"line":5,"column":4},"end":{"line":9,"column":5}},{"start":{"line":7,"column":11},"end":{"line":9,"column":5}}],"line":5}},"s":{"0":1,"1":1,"2":5,"3":5,"4":2,"5":3,"6":1,"7":1},"f":{"0":1,"1":5},"b":{"0":[2,3]},"_coverageSchema":"1a1c01bbd47fc00a2c39e90264f33305004495a9","hash":"0804818313f87b012a4310b920ed6fadf17643fd"}
,"/home/saket10/Documents/mountblue/Project_IPL/src/server/2-matches-won-per-team-per-year.js": {"path":"/home/saket10/Documents/mountblue/Project_IPL/src/server/2-matches-won-per-team-per-year.js","statementMap":{"0":{"start":{"line":2,"column":18},"end":{"line":2,"column":20}},"1":{"start":{"line":3,"column":2},"end":{"line":16,"column":5}},"2":{"start":{"line":4,"column":19},"end":{"line":4,"column":29}},"3":{"start":{"line":5,"column":19},"end":{"line":5,"column":29}},"4":{"start":{"line":7,"column":4},"end":{"line":15,"column":5}},"5":{"start":{"line":8,"column":6},"end":{"line":12,"column":7}},"6":{"start":{"line":9,"column":8},"end":{"line":9,"column":37}},"7":{"start":{"line":11,"column":8},"end":{"line":11,"column":36}},"8":{"start":{"line":14,"column":6},"end":{"line":14,"column":40}},"9":{"start":{"line":17,"column":2},"end":{"line":17,"column":17}},"10":{"start":{"line":20,"column":0},"end":{"line":20,"column":51}}},"fnMap":{"0":{"name":"calculateMatchesWonPerTeamPerYear","decl":{"start":{"line":1,"column":9},"end":{"line":1,"column":42}},"loc":{"start":{"line":1,"column":49},"end":{"line":18,"column":1}},"line":1},"1":{"name":"(anonymous_1)","decl":{"start":{"line":3,"column":15},"end":{"line":3,"column":16}},"loc":{"start":{"line":3,"column":24},"end":{"line":16,"column":3}},"line":3}},"branchMap":{"0":{"loc":{"start":{"line":7,"column":4},"end":{"line":15,"column":5}},"type":"if","locations":[{"start":{"line":7,"column":4},"end":{"line":15,"column":5}},{"start":{"line":13,"column":11},"end":{"line":15,"column":5}}],"line":7},"1":{"loc":{"start":{"line":8,"column":6},"end":{"line":12,"column":7}},"type":"if","locations":[{"start":{"line":8,"column":6},"end":{"line":12,"column":7}},{"start":{"line":10,"column":13},"end":{"line":12,"column":7}}],"line":8}},"s":{"0":1,"1":1,"2":6,"3":6,"4":6,"5":3,"6":1,"7":2,"8":3,"9":1,"10":1},"f":{"0":1,"1":6},"b":{"0":[3,3],"1":[1,2]},"_coverageSchema":"1a1c01bbd47fc00a2c39e90264f33305004495a9","hash":"dc78a1913600a05523cbf021aaded07f0050f207"}
,"/home/saket10/Documents/mountblue/Project_IPL/src/server/3-extra-runs-in-2016.js": {"path":"/home/saket10/Documents/mountblue/Project_IPL/src/server/3-extra-runs-in-2016.js","statementMap":{"0":{"start":{"line":1,"column":33},"end":{"line":22,"column":1}},"1":{"start":{"line":2,"column":20},"end":{"line":2,"column":22}},"2":{"start":{"line":3,"column":20},"end":{"line":5,"column":39}},"3":{"start":{"line":4,"column":21},"end":{"line":4,"column":42}},"4":{"start":{"line":5,"column":18},"end":{"line":5,"column":38}},"5":{"start":{"line":6,"column":2},"end":{"line":19,"column":5}},"6":{"start":{"line":7,"column":20},"end":{"line":7,"column":46}},"7":{"start":{"line":9,"column":4},"end":{"line":18,"column":5}},"8":{"start":{"line":10,"column":26},"end":{"line":10,"column":42}},"9":{"start":{"line":11,"column":32},"end":{"line":11,"column":56}},"10":{"start":{"line":13,"column":6},"end":{"line":17,"column":7}},"11":{"start":{"line":14,"column":8},"end":{"line":14,"column":52}},"12":{"start":{"line":16,"column":8},"end":{"line":16,"column":51}},"13":{"start":{"line":21,"column":2},"end":{"line":21,"column":19}},"14":{"start":{"line":24,"column":0},"end":{"line":24,"column":42}}},"fnMap":{"0":{"name":"(anonymous_0)","decl":{"start":{"line":1,"column":33},"end":{"line":1,"column":34}},"loc":{"start":{"line":1,"column":66},"end":{"line":22,"column":1}},"line":1},"1":{"name":"(anonymous_1)","decl":{"start":{"line":4,"column":12},"end":{"line":4,"column":13}},"loc":{"start":{"line":4,"column":21},"end":{"line":4,"column":42}},"line":4},"2":{"name":"(anonymous_2)","decl":{"start":{"line":5,"column":9},"end":{"line":5,"column":10}},"loc":{"start":{"line":5,"column":18},"end":{"line":5,"column":38}},"line":5},"3":{"name":"(anonymous_3)","decl":{"start":{"line":6,"column":25},"end":{"line":6,"column":26}},"loc":{"start":{"line":6,"column":34},"end":{"line":19,"column":3}},"line":6}},"branchMap":{"0":{"loc":{"start":{"line":9,"column":4},"end":{"line":18,"column":5}},"type":"if","locations":[{"start":{"line":9,"column":4},"end":{"line":18,"column":5}},{"start":{},"end":{}}],"line":9},"1":{"loc":{"start":{"line":13,"column":6},"end":{"line":17,"column":7}},"type":"if","locations":[{"start":{"line":13,"column":6},"end":{"line":17,"column":7}},{"start":{"line":15,"column":13},"end":{"line":17,"column":7}}],"line":13}},"s":{"0":1,"1":1,"2":1,"3":6,"4":5,"5":1,"6":6,"7":6,"8":5,"9":5,"10":5,"11":1,"12":4,"13":1,"14":1},"f":{"0":1,"1":6,"2":5,"3":6},"b":{"0":[5,1],"1":[1,4]},"_coverageSchema":"1a1c01bbd47fc00a2c39e90264f33305004495a9","hash":"ccaacafebae0cc18e22b1770cc5b76b2ea744da1"}
,"/home/saket10/Documents/mountblue/Project_IPL/src/server/4-top-10-economical-bowlers-2015.js": {"path":"/home/saket10/Documents/mountblue/Project_IPL/src/server/4-top-10-economical-bowlers-2015.js","statementMap":{"0":{"start":{"line":2,"column":22},"end":{"line":2,"column":72}},"1":{"start":{"line":2,"column":50},"end":{"line":2,"column":71}},"2":{"start":{"line":4,"column":21},"end":{"line":4,"column":23}},"3":{"start":{"line":5,"column":2},"end":{"line":27,"column":5}},"4":{"start":{"line":6,"column":20},"end":{"line":6,"column":32}},"5":{"start":{"line":7,"column":19},"end":{"line":7,"column":29}},"6":{"start":{"line":8,"column":21},"end":{"line":8,"column":48}},"7":{"start":{"line":9,"column":23},"end":{"line":9,"column":52}},"8":{"start":{"line":10,"column":31},"end":{"line":10,"column":58}},"9":{"start":{"line":11,"column":18},"end":{"line":11,"column":59}},"10":{"start":{"line":11,"column":42},"end":{"line":11,"column":58}},"11":{"start":{"line":13,"column":4},"end":{"line":26,"column":5}},"12":{"start":{"line":14,"column":6},"end":{"line":19,"column":7}},"13":{"start":{"line":15,"column":8},"end":{"line":18,"column":10}},"14":{"start":{"line":22,"column":6},"end":{"line":22,"column":58}},"15":{"start":{"line":23,"column":6},"end":{"line":25,"column":7}},"16":{"start":{"line":24,"column":8},"end":{"line":24,"column":40}},"17":{"start":{"line":29,"column":18},"end":{"line":29,"column":41}},"18":{"start":{"line":30,"column":28},"end":{"line":30,"column":30}},"19":{"start":{"line":32,"column":2},"end":{"line":43,"column":3}},"20":{"start":{"line":33,"column":17},"end":{"line":33,"column":45}},"21":{"start":{"line":34,"column":18},"end":{"line":34,"column":47}},"22":{"start":{"line":36,"column":4},"end":{"line":42,"column":5}},"23":{"start":{"line":37,"column":22},"end":{"line":37,"column":53}},"24":{"start":{"line":38,"column":6},"end":{"line":41,"column":9}},"25":{"start":{"line":45,"column":2},"end":{"line":45,"column":58}},"26":{"start":{"line":45,"column":35},"end":{"line":45,"column":56}},"27":{"start":{"line":47,"column":2},"end":{"line":47,"column":40}},"28":{"start":{"line":50,"column":0},"end":{"line":50,"column":50}}},"fnMap":{"0":{"name":"findTop10EconomicalBowlersIn2015","decl":{"start":{"line":1,"column":9},"end":{"line":1,"column":41}},"loc":{"start":{"line":1,"column":71},"end":{"line":48,"column":1}},"line":1},"1":{"name":"(anonymous_1)","decl":{"start":{"line":2,"column":41},"end":{"line":2,"column":42}},"loc":{"start":{"line":2,"column":50},"end":{"line":2,"column":71}},"line":2},"2":{"name":"(anonymous_2)","decl":{"start":{"line":5,"column":25},"end":{"line":5,"column":26}},"loc":{"start":{"line":5,"column":34},"end":{"line":27,"column":3}},"line":5},"3":{"name":"(anonymous_3)","decl":{"start":{"line":11,"column":35},"end":{"line":11,"column":36}},"loc":{"start":{"line":11,"column":42},"end":{"line":11,"column":58}},"line":11},"4":{"name":"(anonymous_4)","decl":{"start":{"line":45,"column":25},"end":{"line":45,"column":26}},"loc":{"start":{"line":45,"column":35},"end":{"line":45,"column":56}},"line":45}},"branchMap":{"0":{"loc":{"start":{"line":13,"column":4},"end":{"line":26,"column":5}},"type":"if","locations":[{"start":{"line":13,"column":4},"end":{"line":26,"column":5}},{"start":{},"end":{}}],"line":13},"1":{"loc":{"start":{"line":14,"column":6},"end":{"line":19,"column":7}},"type":"if","locations":[{"start":{"line":14,"column":6},"end":{"line":19,"column":7}},{"start":{},"end":{}}],"line":14},"2":{"loc":{"start":{"line":23,"column":6},"end":{"line":25,"column":7}},"type":"if","locations":[{"start":{"line":23,"column":6},"end":{"line":25,"column":7}},{"start":{},"end":{}}],"line":23},"3":{"loc":{"start":{"line":23,"column":11},"end":{"line":23,"column":33}},"type":"binary-expr","locations":[{"start":{"line":23,"column":11},"end":{"line":23,"column":19}},{"start":{"line":23,"column":23},"end":{"line":23,"column":33}}],"line":23},"4":{"loc":{"start":{"line":36,"column":4},"end":{"line":42,"column":5}},"type":"if","locations":[{"start":{"line":36,"column":4},"end":{"line":42,"column":5}},{"start":{},"end":{}}],"line":36}},"s":{"0":1,"1":4,"2":1,"3":1,"4":23,"5":23,"6":23,"7":23,"8":23,"9":23,"10":51,"11":23,"12":22,"13":11,"14":22,"15":22,"16":16,"17":1,"18":1,"19":1,"20":11,"21":11,"22":11,"23":10,"24":10,"25":1,"26":22,"27":1,"28":1},"f":{"0":1,"1":4,"2":23,"3":51,"4":22},"b":{"0":[22,1],"1":[11,11],"2":[16,6],"3":[22,18],"4":[10,1]},"_coverageSchema":"1a1c01bbd47fc00a2c39e90264f33305004495a9","hash":"0778a3bc8c6cfd91480730d35bf0d35c01301fdc"}
,"/home/saket10/Documents/mountblue/Project_IPL/src/server/5-toss-winner-match-winner.js": {"path":"/home/saket10/Documents/mountblue/Project_IPL/src/server/5-toss-winner-match-winner.js","statementMap":{"0":{"start":{"line":2,"column":37},"end":{"line":2,"column":39}},"1":{"start":{"line":4,"column":2},"end":{"line":15,"column":5}},"2":{"start":{"line":5,"column":23},"end":{"line":5,"column":40}},"3":{"start":{"line":6,"column":24},"end":{"line":6,"column":36}},"4":{"start":{"line":8,"column":4},"end":{"line":14,"column":5}},"5":{"start":{"line":9,"column":6},"end":{"line":13,"column":7}},"6":{"start":{"line":10,"column":8},"end":{"line":10,"column":49}},"7":{"start":{"line":12,"column":8},"end":{"line":12,"column":51}},"8":{"start":{"line":17,"column":2},"end":{"line":17,"column":36}},"9":{"start":{"line":20,"column":0},"end":{"line":20,"column":42}}},"fnMap":{"0":{"name":"getTossWinnerMatchWinner","decl":{"start":{"line":1,"column":9},"end":{"line":1,"column":33}},"loc":{"start":{"line":1,"column":47},"end":{"line":18,"column":1}},"line":1},"1":{"name":"(anonymous_1)","decl":{"start":{"line":4,"column":22},"end":{"line":4,"column":23}},"loc":{"start":{"line":4,"column":33},"end":{"line":15,"column":3}},"line":4}},"branchMap":{"0":{"loc":{"start":{"line":8,"column":4},"end":{"line":14,"column":5}},"type":"if","locations":[{"start":{"line":8,"column":4},"end":{"line":14,"column":5}},{"start":{},"end":{}}],"line":8},"1":{"loc":{"start":{"line":9,"column":6},"end":{"line":13,"column":7}},"type":"if","locations":[{"start":{"line":9,"column":6},"end":{"line":13,"column":7}},{"start":{"line":11,"column":13},"end":{"line":13,"column":7}}],"line":9}},"s":{"0":1,"1":1,"2":4,"3":4,"4":4,"5":3,"6":1,"7":2,"8":1,"9":1},"f":{"0":1,"1":4},"b":{"0":[3,1],"1":[1,2]},"_coverageSchema":"1a1c01bbd47fc00a2c39e90264f33305004495a9","hash":"08154f400269aa891e60816f1b823d340a61321c"}
,"/home/saket10/Documents/mountblue/Project_IPL/src/server/6-player-Of-The-Match-By-Season.js": {"path":"/home/saket10/Documents/mountblue/Project_IPL/src/server/6-player-Of-The-Match-By-Season.js","statementMap":{"0":{"start":{"line":2,"column":35},"end":{"line":2,"column":37}},"1":{"start":{"line":3,"column":42},"end":{"line":3,"column":44}},"2":{"start":{"line":5,"column":2},"end":{"line":20,"column":5}},"3":{"start":{"line":6,"column":19},"end":{"line":6,"column":29}},"4":{"start":{"line":7,"column":29},"end":{"line":7,"column":48}},"5":{"start":{"line":9,"column":4},"end":{"line":19,"column":5}},"6":{"start":{"line":10,"column":6},"end":{"line":18,"column":7}},"7":{"start":{"line":11,"column":8},"end":{"line":15,"column":9}},"8":{"start":{"line":12,"column":10},"end":{"line":12,"column":63}},"9":{"start":{"line":14,"column":10},"end":{"line":14,"column":65}},"10":{"start":{"line":17,"column":8},"end":{"line":17,"column":69}},"11":{"start":{"line":22,"column":2},"end":{"line":26,"column":3}},"12":{"start":{"line":23,"column":20},"end":{"line":23,"column":52}},"13":{"start":{"line":24,"column":26},"end":{"line":24,"column":96}},"14":{"start":{"line":24,"column":64},"end":{"line":24,"column":95}},"15":{"start":{"line":25,"column":4},"end":{"line":25,"column":60}},"16":{"start":{"line":28,"column":26},"end":{"line":28,"column":28}},"17":{"start":{"line":29,"column":2},"end":{"line":32,"column":3}},"18":{"start":{"line":30,"column":19},"end":{"line":30,"column":58}},"19":{"start":{"line":31,"column":4},"end":{"line":31,"column":37}},"20":{"start":{"line":33,"column":2},"end":{"line":33,"column":25}},"21":{"start":{"line":36,"column":0},"end":{"line":36,"column":45}}},"fnMap":{"0":{"name":"getPlayerOfTheMatchBySeason","decl":{"start":{"line":1,"column":9},"end":{"line":1,"column":36}},"loc":{"start":{"line":1,"column":43},"end":{"line":34,"column":1}},"line":1},"1":{"name":"(anonymous_1)","decl":{"start":{"line":5,"column":15},"end":{"line":5,"column":16}},"loc":{"start":{"line":5,"column":24},"end":{"line":20,"column":3}},"line":5},"2":{"name":"(anonymous_2)","decl":{"start":{"line":24,"column":54},"end":{"line":24,"column":55}},"loc":{"start":{"line":24,"column":64},"end":{"line":24,"column":95}},"line":24}},"branchMap":{"0":{"loc":{"start":{"line":9,"column":4},"end":{"line":19,"column":5}},"type":"if","locations":[{"start":{"line":9,"column":4},"end":{"line":19,"column":5}},{"start":{},"end":{}}],"line":9},"1":{"loc":{"start":{"line":10,"column":6},"end":{"line":18,"column":7}},"type":"if","locations":[{"start":{"line":10,"column":6},"end":{"line":18,"column":7}},{"start":{"line":16,"column":13},"end":{"line":18,"column":7}}],"line":10},"2":{"loc":{"start":{"line":11,"column":8},"end":{"line":15,"column":9}},"type":"if","locations":[{"start":{"line":11,"column":8},"end":{"line":15,"column":9}},{"start":{"line":13,"column":15},"end":{"line":15,"column":9}}],"line":11},"3":{"loc":{"start":{"line":24,"column":64},"end":{"line":24,"column":95}},"type":"cond-expr","locations":[{"start":{"line":24,"column":90},"end":{"line":24,"column":91}},{"start":{"line":24,"column":94},"end":{"line":24,"column":95}}],"line":24}},"s":{"0":1,"1":1,"2":1,"3":7,"4":7,"5":7,"6":7,"7":5,"8":2,"9":3,"10":2,"11":1,"12":2,"13":2,"14":3,"15":2,"16":1,"17":1,"18":2,"19":2,"20":1,"21":1},"f":{"0":1,"1":7,"2":3},"b":{"0":[7,0],"1":[5,2],"2":[2,3],"3":[2,1]},"_coverageSchema":"1a1c01bbd47fc00a2c39e90264f33305004495a9","hash":"4ac2e404d62674278eac7a2e14290bfdc22f3c08"}
,"/home/saket10/Documents/mountblue/Project_IPL/src/server/7-strike-rate-by-batsman.js": {"path":"/home/saket10/Documents/mountblue/Project_IPL/src/server/7-strike-rate-by-batsman.js","statementMap":{"0":{"start":{"line":2,"column":29},"end":{"line":2,"column":31}},"1":{"start":{"line":4,"column":2},"end":{"line":23,"column":5}},"2":{"start":{"line":5,"column":19},"end":{"line":5,"column":83}},"3":{"start":{"line":5,"column":45},"end":{"line":5,"column":74}},"4":{"start":{"line":6,"column":20},"end":{"line":6,"column":36}},"5":{"start":{"line":7,"column":17},"end":{"line":7,"column":48}},"6":{"start":{"line":8,"column":19},"end":{"line":8,"column":41}},"7":{"start":{"line":10,"column":4},"end":{"line":22,"column":5}},"8":{"start":{"line":11,"column":6},"end":{"line":21,"column":7}},"9":{"start":{"line":12,"column":8},"end":{"line":17,"column":9}},"10":{"start":{"line":13,"column":10},"end":{"line":16,"column":12}},"11":{"start":{"line":19,"column":8},"end":{"line":19,"column":48}},"12":{"start":{"line":20,"column":8},"end":{"line":20,"column":43}},"13":{"start":{"line":25,"column":17},"end":{"line":25,"column":19}},"14":{"start":{"line":27,"column":2},"end":{"line":31,"column":3}},"15":{"start":{"line":28,"column":23},"end":{"line":28,"column":49}},"16":{"start":{"line":29,"column":23},"end":{"line":29,"column":78}},"17":{"start":{"line":30,"column":4},"end":{"line":30,"column":44}},"18":{"start":{"line":33,"column":2},"end":{"line":33,"column":16}},"19":{"start":{"line":36,"column":0},"end":{"line":36,"column":46}}},"fnMap":{"0":{"name":"calculateStrikeRateByBatsman","decl":{"start":{"line":1,"column":9},"end":{"line":1,"column":37}},"loc":{"start":{"line":1,"column":67},"end":{"line":34,"column":1}},"line":1},"1":{"name":"(anonymous_1)","decl":{"start":{"line":4,"column":25},"end":{"line":4,"column":26}},"loc":{"start":{"line":4,"column":39},"end":{"line":23,"column":3}},"line":4},"2":{"name":"(anonymous_2)","decl":{"start":{"line":5,"column":36},"end":{"line":5,"column":37}},"loc":{"start":{"line":5,"column":45},"end":{"line":5,"column":74}},"line":5}},"branchMap":{"0":{"loc":{"start":{"line":10,"column":4},"end":{"line":22,"column":5}},"type":"if","locations":[{"start":{"line":10,"column":4},"end":{"line":22,"column":5}},{"start":{},"end":{}}],"line":10},"1":{"loc":{"start":{"line":10,"column":8},"end":{"line":10,"column":41}},"type":"binary-expr","locations":[{"start":{"line":10,"column":8},"end":{"line":10,"column":30}},{"start":{"line":10,"column":34},"end":{"line":10,"column":41}}],"line":10},"2":{"loc":{"start":{"line":11,"column":6},"end":{"line":21,"column":7}},"type":"if","locations":[{"start":{"line":11,"column":6},"end":{"line":21,"column":7}},{"start":{},"end":{}}],"line":11},"3":{"loc":{"start":{"line":12,"column":8},"end":{"line":17,"column":9}},"type":"if","locations":[{"start":{"line":12,"column":8},"end":{"line":17,"column":9}},{"start":{},"end":{}}],"line":12}},"s":{"0":1,"1":1,"2":4,"3":7,"4":4,"5":4,"6":4,"7":4,"8":4,"9":4,"10":3,"11":4,"12":4,"13":1,"14":1,"15":3,"16":3,"17":3,"18":1,"19":1},"f":{"0":1,"1":4,"2":7},"b":{"0":[4,0],"1":[4,4],"2":[4,0],"3":[3,1]},"_coverageSchema":"1a1c01bbd47fc00a2c39e90264f33305004495a9","hash":"5d8880e6ce8d2d9b0353d5d1ca67d688fea9549b"}
,"/home/saket10/Documents/mountblue/Project_IPL/src/server/8-highest-dismissals.js": {"path":"/home/saket10/Documents/mountblue/Project_IPL/src/server/8-highest-dismissals.js","statementMap":{"0":{"start":{"line":2,"column":28},"end":{"line":2,"column":30}},"1":{"start":{"line":3,"column":22},"end":{"line":3,"column":23}},"2":{"start":{"line":5,"column":2},"end":{"line":21,"column":3}},"3":{"start":{"line":6,"column":28},"end":{"line":6,"column":53}},"4":{"start":{"line":7,"column":19},"end":{"line":7,"column":34}},"5":{"start":{"line":9,"column":4},"end":{"line":20,"column":5}},"6":{"start":{"line":10,"column":18},"end":{"line":10,"column":61}},"7":{"start":{"line":11,"column":6},"end":{"line":15,"column":7}},"8":{"start":{"line":12,"column":8},"end":{"line":12,"column":33}},"9":{"start":{"line":14,"column":8},"end":{"line":14,"column":35}},"10":{"start":{"line":17,"column":6},"end":{"line":19,"column":7}},"11":{"start":{"line":18,"column":8},"end":{"line":18,"column":47}},"12":{"start":{"line":23,"column":24},"end":{"line":25,"column":3}},"13":{"start":{"line":24,"column":13},"end":{"line":24,"column":53}},"14":{"start":{"line":27,"column":2},"end":{"line":27,"column":42}},"15":{"start":{"line":31,"column":0},"end":{"line":31,"column":38}}},"fnMap":{"0":{"name":"getHighestDismissals","decl":{"start":{"line":1,"column":9},"end":{"line":1,"column":29}},"loc":{"start":{"line":1,"column":36},"end":{"line":28,"column":1}},"line":1},"1":{"name":"(anonymous_1)","decl":{"start":{"line":24,"column":4},"end":{"line":24,"column":5}},"loc":{"start":{"line":24,"column":13},"end":{"line":24,"column":53}},"line":24}},"branchMap":{"0":{"loc":{"start":{"line":9,"column":4},"end":{"line":20,"column":5}},"type":"if","locations":[{"start":{"line":9,"column":4},"end":{"line":20,"column":5}},{"start":{},"end":{}}],"line":9},"1":{"loc":{"start":{"line":9,"column":8},"end":{"line":9,"column":33}},"type":"binary-expr","locations":[{"start":{"line":9,"column":8},"end":{"line":9,"column":23}},{"start":{"line":9,"column":27},"end":{"line":9,"column":33}}],"line":9},"2":{"loc":{"start":{"line":11,"column":6},"end":{"line":15,"column":7}},"type":"if","locations":[{"start":{"line":11,"column":6},"end":{"line":15,"column":7}},{"start":{"line":13,"column":13},"end":{"line":15,"column":7}}],"line":11},"3":{"loc":{"start":{"line":17,"column":6},"end":{"line":19,"column":7}},"type":"if","locations":[{"start":{"line":17,"column":6},"end":{"line":19,"column":7}},{"start":{},"end":{}}],"line":17}},"s":{"0":1,"1":1,"2":1,"3":6,"4":6,"5":6,"6":6,"7":6,"8":2,"9":4,"10":6,"11":2,"12":1,"13":4,"14":1,"15":1},"f":{"0":1,"1":4},"b":{"0":[6,0],"1":[6,6],"2":[2,4],"3":[2,4]},"_coverageSchema":"1a1c01bbd47fc00a2c39e90264f33305004495a9","hash":"ef37e6212aee3d4a182b6ed88b4e528bda1fe046"}
,"/home/saket10/Documents/mountblue/Project_IPL/src/server/9-best-economy-in-super-overs.js": {"path":"/home/saket10/Documents/mountblue/Project_IPL/src/server/9-best-economy-in-super-overs.js","statementMap":{"0":{"start":{"line":2,"column":25},"end":{"line":2,"column":92}},"1":{"start":{"line":2,"column":61},"end":{"line":2,"column":91}},"2":{"start":{"line":3,"column":24},"end":{"line":3,"column":26}},"3":{"start":{"line":5,"column":2},"end":{"line":15,"column":5}},"4":{"start":{"line":6,"column":19},"end":{"line":6,"column":34}},"5":{"start":{"line":7,"column":17},"end":{"line":7,"column":50}},"6":{"start":{"line":9,"column":4},"end":{"line":14,"column":5}},"7":{"start":{"line":10,"column":6},"end":{"line":10,"column":41}},"8":{"start":{"line":11,"column":6},"end":{"line":11,"column":39}},"9":{"start":{"line":13,"column":6},"end":{"line":13,"column":49}},"10":{"start":{"line":17,"column":2},"end":{"line":21,"column":3}},"11":{"start":{"line":18,"column":17},"end":{"line":18,"column":43}},"12":{"start":{"line":19,"column":18},"end":{"line":19,"column":45}},"13":{"start":{"line":20,"column":4},"end":{"line":20,"column":57}},"14":{"start":{"line":23,"column":21},"end":{"line":25,"column":3}},"15":{"start":{"line":24,"column":4},"end":{"line":24,"column":63}},"16":{"start":{"line":27,"column":2},"end":{"line":27,"column":68}},"17":{"start":{"line":30,"column":0},"end":{"line":30,"column":45}}},"fnMap":{"0":{"name":"findBestEconomyInSuperOvers","decl":{"start":{"line":1,"column":9},"end":{"line":1,"column":36}},"loc":{"start":{"line":1,"column":53},"end":{"line":28,"column":1}},"line":1},"1":{"name":"(anonymous_1)","decl":{"start":{"line":2,"column":47},"end":{"line":2,"column":48}},"loc":{"start":{"line":2,"column":61},"end":{"line":2,"column":91}},"line":2},"2":{"name":"(anonymous_2)","decl":{"start":{"line":5,"column":25},"end":{"line":5,"column":26}},"loc":{"start":{"line":5,"column":39},"end":{"line":15,"column":3}},"line":5},"3":{"name":"(anonymous_3)","decl":{"start":{"line":23,"column":55},"end":{"line":23,"column":56}},"loc":{"start":{"line":24,"column":4},"end":{"line":24,"column":63}},"line":24}},"branchMap":{"0":{"loc":{"start":{"line":9,"column":4},"end":{"line":14,"column":5}},"type":"if","locations":[{"start":{"line":9,"column":4},"end":{"line":14,"column":5}},{"start":{"line":12,"column":11},"end":{"line":14,"column":5}}],"line":9},"1":{"loc":{"start":{"line":24,"column":4},"end":{"line":24,"column":63}},"type":"cond-expr","locations":[{"start":{"line":24,"column":58},"end":{"line":24,"column":59}},{"start":{"line":24,"column":62},"end":{"line":24,"column":63}}],"line":24}},"s":{"0":1,"1":4,"2":1,"3":1,"4":4,"5":4,"6":4,"7":1,"8":1,"9":3,"10":1,"11":3,"12":3,"13":3,"14":1,"15":2,"16":1,"17":1},"f":{"0":1,"1":4,"2":4,"3":2},"b":{"0":[1,3],"1":[1,1]},"_coverageSchema":"1a1c01bbd47fc00a2c39e90264f33305004495a9","hash":"434c842dd146488d97c2643a548897eb014bcd9b"}
}
