TN:
SF:src/server/1-matches-per-year.js
FN:1,calculateMatchesPerYear
FN:3,(anonymous_1)
FNF:2
FNH:2
FNDA:1,calculateMatchesPerYear
FNDA:5,(anonymous_1)
DA:2,1
DA:3,1
DA:4,5
DA:5,5
DA:6,2
DA:8,3
DA:11,1
DA:14,1
LF:8
LH:8
BRDA:5,0,0,2
BRDA:5,0,1,3
BRF:2
BRH:2
end_of_record
TN:
SF:src/server/2-matches-won-per-team-per-year.js
FN:1,calculateMatchesWonPerTeamPerYear
FN:3,(anonymous_1)
FNF:2
FNH:2
FNDA:1,calculateMatchesWonPerTeamPerYear
FNDA:6,(anonymous_1)
DA:2,1
DA:3,1
DA:4,6
DA:5,6
DA:7,6
DA:8,3
DA:9,1
DA:11,2
DA:14,3
DA:17,1
DA:20,1
LF:11
LH:11
BRDA:7,0,0,3
BRDA:7,0,1,3
BRDA:8,1,0,1
BRDA:8,1,1,2
BRF:4
BRH:4
end_of_record
TN:
SF:src/server/3-extra-runs-in-2016.js
FN:1,(anonymous_0)
FN:4,(anonymous_1)
FN:5,(anonymous_2)
FN:6,(anonymous_3)
FNF:4
FNH:4
FNDA:1,(anonymous_0)
FNDA:6,(anonymous_1)
FNDA:5,(anonymous_2)
FNDA:6,(anonymous_3)
DA:1,1
DA:2,1
DA:3,1
DA:4,6
DA:5,5
DA:6,1
DA:7,6
DA:9,6
DA:10,5
DA:11,5
DA:13,5
DA:14,1
DA:16,4
DA:21,1
DA:24,1
LF:15
LH:15
BRDA:9,0,0,5
BRDA:9,0,1,1
BRDA:13,1,0,1
BRDA:13,1,1,4
BRF:4
BRH:4
end_of_record
TN:
SF:src/server/4-top-10-economical-bowlers-2015.js
FN:1,findTop10EconomicalBowlersIn2015
FN:2,(anonymous_1)
FN:5,(anonymous_2)
FN:15,(anonymous_3)
FN:48,(anonymous_4)
FNF:5
FNH:5
FNDA:1,findTop10EconomicalBowlersIn2015
FNDA:4,(anonymous_1)
FNDA:23,(anonymous_2)
FNDA:51,(anonymous_3)
FNDA:22,(anonymous_4)
DA:2,4
DA:4,1
DA:5,1
DA:6,23
DA:7,23
DA:8,23
DA:9,23
DA:10,23
DA:11,23
DA:12,23
DA:13,23
DA:15,51
DA:17,23
DA:18,22
DA:19,11
DA:25,22
DA:26,22
DA:27,16
DA:32,1
DA:33,1
DA:35,1
DA:36,11
DA:37,11
DA:39,11
DA:40,10
DA:41,10
DA:48,22
DA:50,1
DA:53,1
LF:29
LH:29
BRDA:17,0,0,22
BRDA:17,0,1,1
BRDA:18,1,0,11
BRDA:18,1,1,11
BRDA:26,2,0,16
BRDA:26,2,1,6
BRDA:26,3,0,22
BRDA:26,3,1,18
BRDA:39,4,0,10
BRDA:39,4,1,1
BRF:10
BRH:10
end_of_record
TN:
SF:src/server/5-toss-winner-match-winner.js
FN:1,getTossWinnerMatchWinner
FN:4,(anonymous_1)
FNF:2
FNH:2
FNDA:1,getTossWinnerMatchWinner
FNDA:4,(anonymous_1)
DA:2,1
DA:4,1
DA:5,4
DA:6,4
DA:8,4
DA:9,3
DA:10,1
DA:12,2
DA:17,1
DA:20,1
LF:10
LH:10
BRDA:8,0,0,3
BRDA:8,0,1,1
BRDA:9,1,0,1
BRDA:9,1,1,2
BRF:4
BRH:4
end_of_record
TN:
SF:src/server/6-player-Of-The-Match-By-Season.js
FN:1,getPlayerOfTheMatchBySeason
FN:5,(anonymous_1)
FN:24,(anonymous_2)
FNF:3
FNH:3
FNDA:1,getPlayerOfTheMatchBySeason
FNDA:7,(anonymous_1)
FNDA:3,(anonymous_2)
DA:2,1
DA:3,1
DA:5,1
DA:6,7
DA:7,7
DA:9,7
DA:10,7
DA:11,5
DA:12,2
DA:14,3
DA:17,2
DA:22,1
DA:23,2
DA:24,3
DA:25,2
DA:28,1
DA:29,1
DA:30,2
DA:31,2
DA:33,1
DA:36,1
LF:21
LH:21
BRDA:9,0,0,7
BRDA:9,0,1,0
BRDA:10,1,0,5
BRDA:10,1,1,2
BRDA:11,2,0,2
BRDA:11,2,1,3
BRDA:24,3,0,2
BRDA:24,3,1,1
BRF:8
BRH:7
end_of_record
TN:
SF:src/server/7-strike-rate-by-batsman.js
FN:1,calculateStrikeRateByBatsman
FN:4,(anonymous_1)
FN:5,(anonymous_2)
FNF:3
FNH:3
FNDA:1,calculateStrikeRateByBatsman
FNDA:4,(anonymous_1)
FNDA:7,(anonymous_2)
DA:2,1
DA:4,1
DA:5,7
DA:6,4
DA:7,4
DA:8,4
DA:10,4
DA:11,4
DA:12,4
DA:13,3
DA:19,4
DA:20,4
DA:25,1
DA:27,1
DA:28,3
DA:29,3
DA:30,3
DA:33,1
DA:36,1
LF:19
LH:19
BRDA:10,0,0,4
BRDA:10,0,1,0
BRDA:10,1,0,4
BRDA:10,1,1,4
BRDA:11,2,0,4
BRDA:11,2,1,0
BRDA:12,3,0,3
BRDA:12,3,1,1
BRF:8
BRH:6
end_of_record
TN:
SF:src/server/8-highest-dismissals.js
FN:1,getHighestDismissals
FN:24,(anonymous_1)
FNF:2
FNH:2
FNDA:1,getHighestDismissals
FNDA:4,(anonymous_1)
DA:2,1
DA:3,1
DA:5,1
DA:6,6
DA:7,6
DA:9,6
DA:10,6
DA:11,6
DA:12,2
DA:14,4
DA:17,6
DA:18,2
DA:23,1
DA:24,4
DA:27,1
DA:31,1
LF:16
LH:16
BRDA:9,0,0,6
BRDA:9,0,1,0
BRDA:9,1,0,6
BRDA:9,1,1,6
BRDA:11,2,0,2
BRDA:11,2,1,4
BRDA:17,3,0,2
BRDA:17,3,1,4
BRF:8
BRH:7
end_of_record
TN:
SF:src/server/9-best-economy-in-super-overs.js
FN:1,findBestEconomyInSuperOvers
FN:2,(anonymous_1)
FN:5,(anonymous_2)
FN:23,(anonymous_3)
FNF:4
FNH:4
FNDA:1,findBestEconomyInSuperOvers
FNDA:4,(anonymous_1)
FNDA:4,(anonymous_2)
FNDA:2,(anonymous_3)
DA:2,4
DA:3,1
DA:5,1
DA:6,4
DA:7,4
DA:9,4
DA:10,1
DA:11,1
DA:13,3
DA:17,1
DA:18,3
DA:19,3
DA:20,3
DA:23,1
DA:24,2
DA:27,1
DA:30,1
LF:17
LH:17
BRDA:9,0,0,1
BRDA:9,0,1,3
BRDA:24,1,0,1
BRDA:24,1,1,1
BRF:4
BRH:4
end_of_record
